<?xml version="1.0" ?><testsuite errors="0" failures="0" hostname="localhost" name="lettuce" tests="69" time="0" timestamp="2013-01-25T15:18:43"><testcase classname="Call recordings management : Recording creation exception" name="Given there is no campaign" time="0.469251"/><testcase classname="Call recordings management : Recording creation exception" name="Given there is a queue named &quot;test_queue&quot;" time="0.010187"/><testcase classname="Call recordings management : Recording creation exception" name="Given there is a campaign named &quot;test_campaign&quot; for a queue &quot;test_queue&quot;" time="0.022691"/><testcase classname="Call recordings management : Recording creation exception" name="Given there is no agent with number &quot;1111&quot;" time="0.005918"/><testcase classname="Call recordings management : Recording creation exception" name="When I save call details for a call referenced by its &quot;callid&quot; in campaign &quot;test_campaign&quot; replied by agent with number &quot;1111&quot;" time="0.011595"/><testcase classname="Call recordings management : Recording creation exception" name="Then I get a response with error code '400' and message 'SQL Error: No such agent'" time="0.003752"/><testcase classname="Call recordings management : Recording creation and consultation" name="Given there is no campaign" time="0.129022"/><testcase classname="Call recordings management : Recording creation and consultation" name="Given there is a queue named &quot;test_queue&quot;" time="0.013977"/><testcase classname="Call recordings management : Recording creation and consultation" name="Given there is a campaign named &quot;test_campaign&quot; for a queue &quot;test_queue&quot;" time="0.028593"/><testcase classname="Call recordings management : Recording creation and consultation" name="Given there is an agent with number &quot;1111&quot;" time="0.017331"/><testcase classname="Call recordings management : Recording creation and consultation" name="When I save call details for a call referenced by its &quot;callid&quot; in campaign &quot;test_campaign&quot; replied by agent with number &quot;1111&quot;" time="0.027398"/><testcase classname="Call recordings management : Recording creation and consultation" name="Then I can consult these details" time="0.030194"/><testcase classname="Call recordings management : Recording creation and consultation" name="Then I delete this recording and the agent &quot;1111&quot;" time="0.031702"/><testcase classname="Call recordings management : Recording consultation and removing" name="Given there is no campaign" time="0.104311"/><testcase classname="Call recordings management : Recording consultation and removing" name="Given there is a queue named &quot;test_queue&quot;" time="0.014982"/><testcase classname="Call recordings management : Recording consultation and removing" name="Given there is a campaign named &quot;test_campaign&quot; for a queue &quot;test_queue&quot;" time="0.038296"/><testcase classname="Call recordings management : Recording consultation and removing" name="Given there is an agent of number &quot;222&quot;" time="0.014628"/><testcase classname="Call recordings management : Recording consultation and removing" name="Given there is a recording referenced by a &quot;callid&quot; with agent &quot;222&quot;" time="0.018749"/><testcase classname="Call recordings management : Recording consultation and removing" name="When I delete a recording referenced by this &quot;callid&quot;" time="0.027571"/><testcase classname="Call recordings management : Recording consultation and removing" name="Then the recording is deleted and I get a response with code &quot;200&quot;" time="0.00669"/><testcase classname="Call recordings management : Deleting of unexisting recording" name="Given there is no campaign" time="0.11213"/><testcase classname="Call recordings management : Deleting of unexisting recording" name="Given there is a queue named &quot;test_queue&quot;" time="0.019183"/><testcase classname="Call recordings management : Deleting of unexisting recording" name="Given there is a campaign named &quot;test_campaign&quot; for a queue &quot;test_queue&quot;" time="0.030714"/><testcase classname="Call recordings management : Deleting of unexisting recording" name="Given there is no recording referenced by a &quot;callid&quot; in campaign &quot;test_campaign&quot;" time="0.02349"/><testcase classname="Call recordings management : Deleting of unexisting recording" name="When I delete a recording referenced by this &quot;callid&quot;" time="0.015801"/><testcase classname="Call recordings management : Deleting of unexisting recording" name="Then I get a response with error code '404' with message 'No such recording'" time="0.006956"/><testcase classname="Call recordings management : Recording search" name="Given there is no campaign" time="0.120648"/><testcase classname="Call recordings management : Recording search" name="Given there is a campaign of id &quot;1&quot;" time="0.101494"/><testcase classname="Call recordings management : Recording search" name="Given there is an agent &quot;222&quot;" time="0.012197"/><testcase classname="Call recordings management : Recording search" name="Given there is an agent &quot;111&quot;" time="0.01204"/><testcase classname="Call recordings management : Recording search" name="Given there is an agent &quot;123&quot;" time="0.00731"/><testcase classname="Call recordings management : Recording search" name="Given I create a recording for campaign &quot;1&quot; with caller &quot;111&quot; and agent &quot;222&quot;" time="0.019738"/><testcase classname="Call recordings management : Recording search" name="Given I create a recording for campaign &quot;1&quot; with caller &quot;222&quot; and agent &quot;111&quot;" time="0.020028"/><testcase classname="Call recordings management : Recording search" name="Given I create a recording for campaign &quot;1&quot; with caller &quot;123&quot; and agent &quot;123&quot;" time="0.021238"/><testcase classname="Call recordings management : Recording search" name="When I search recordings in the campaign &quot;1&quot; with the key &quot;111&quot;" time="0.029687"/><testcase classname="Call recordings management : Recording search" name="Then I get the first two recordings" time="0.004029"/><testcase classname="Call recordings management : Consistent number of recordings" name="Given there is no campaign" time="0.137894"/><testcase classname="Call recordings management : Consistent number of recordings" name="Given there is a campaign of id &quot;1&quot;" time="0.114821"/><testcase classname="Call recordings management : Consistent number of recordings" name="Given there is an agent &quot;222&quot;" time="0.006521"/><testcase classname="Call recordings management : Consistent number of recordings" name="Given there are at least &quot;10&quot; recordings for &quot;1&quot; and agent &quot;222&quot;" time="0.255751"/><testcase classname="Call recordings management : Consistent number of recordings" name="When I ask for the recordings of &quot;1&quot;" time="0.056592"/><testcase classname="Call recordings management : Consistent number of recordings" name="Then the displayed total is equal to the actual number of recordings" time="0.00513"/><testcase classname="Call recordings management : Recording pagination" name="Given there is no campaign" time="0.107979"/><testcase classname="Call recordings management : Recording pagination" name="Given there is a campaign of id &quot;1&quot;" time="0.099154"/><testcase classname="Call recordings management : Recording pagination" name="Given there is an agent &quot;222&quot;" time="0.015701"/><testcase classname="Call recordings management : Recording pagination" name="Given there are at least &quot;10&quot; recordings for &quot;1&quot; and agent &quot;222&quot;" time="0.249508"/><testcase classname="Call recordings management : Recording pagination" name="When I ask for a list of recordings for &quot;1&quot; with page &quot;1&quot; and page size &quot;5&quot;" time="0.047368"/><testcase classname="Call recordings management : Recording pagination" name="Then I get exactly &quot;5&quot; recordings" time="0.003652"/><testcase classname="Call recordings management : No overlapping when paginating recordings" name="Given there is no campaign" time="0.117207"/><testcase classname="Call recordings management : No overlapping when paginating recordings" name="Given there is a campaign of id &quot;1&quot;" time="0.094739"/><testcase classname="Call recordings management : No overlapping when paginating recordings" name="Given there is an agent &quot;222&quot;" time="0.005624"/><testcase classname="Call recordings management : No overlapping when paginating recordings" name="Given there are at least &quot;10&quot; recordings for &quot;1&quot; and agent &quot;222&quot;" time="0.196542"/><testcase classname="Call recordings management : No overlapping when paginating recordings" name="Given I ask for a list of recordings for &quot;1&quot; with page &quot;1&quot; and page size &quot;5&quot;" time="0.042196"/><testcase classname="Call recordings management : No overlapping when paginating recordings" name="Given I ask for a list of recordings for &quot;1&quot; with page &quot;2&quot; and page size &quot;5&quot;" time="0.036486"/><testcase classname="Call recordings management : No overlapping when paginating recordings" name="Then the two lists of recording do not overlap" time="0.004419"/><testcase classname="Call recordings management : Pagination of search result" name="Given there is no campaign" time="0.117943"/><testcase classname="Call recordings management : Pagination of search result" name="Given there is a campaign of id &quot;1&quot;" time="0.108537"/><testcase classname="Call recordings management : Pagination of search result" name="Given there is an agent &quot;222&quot;" time="0.010283"/><testcase classname="Call recordings management : Pagination of search result" name="Given there are at least &quot;10&quot; recordings for &quot;1&quot; and agent &quot;222&quot;" time="0.262525"/><testcase classname="Call recordings management : Pagination of search result" name="When we search recordings in the campaign &quot;1&quot; with the key &quot;222&quot;, page &quot;2&quot; and page size &quot;5&quot;" time="0.035693"/><testcase classname="Call recordings management : Pagination of search result" name="Then I get exactly &quot;5&quot; recordings" time="0.003343"/><testcase classname="Call recordings management : Add recording end time" name="Given there is no campaign" time="0.11215"/><testcase classname="Call recordings management : Add recording end time" name="Given there is a queue named &quot;test_queue&quot;" time="0.015055"/><testcase classname="Call recordings management : Add recording end time" name="Given there is a campaign named &quot;test_campaign&quot; for a queue &quot;test_queue&quot;" time="0.029408"/><testcase classname="Call recordings management : Add recording end time" name="Given there is an agent &quot;222&quot;" time="0.011213"/><testcase classname="Call recordings management : Add recording end time" name="Given there is a recording in campaign &quot;test_campaign&quot; referenced by a &quot;callid&quot; answered by agent &quot;222&quot;" time="0.08446"/><testcase classname="Call recordings management : Add recording end time" name="Given I update the recording referenced by a &quot;callid&quot; with end time &quot;2099-01-13 10:25:55&quot;" time="0"><skipped type="UndefinedStep(Given I update the recording referenced by a &quot;callid&quot; with end time &quot;2099-01-13 10:25:55&quot;)"/></testcase><testcase classname="Call recordings management : Add recording end time" name="When I consult the recording referenced by a &quot;callid&quot;" time="0"><skipped type="UndefinedStep(When I consult the recording referenced by a &quot;callid&quot;)"/></testcase><testcase classname="Call recordings management : Add recording end time" name="Then I get a recording with end time &quot;2099-01-13 10:25:55&quot;" time="0"><skipped type="UndefinedStep(Then I get a recording with end time &quot;2099-01-13 10:25:55&quot;)"/></testcase></testsuite>