<?xml version="1.0" ?><testsuite errors="0" failures="0" hostname="localhost" name="lettuce" tests="64" time="0" timestamp="2013-01-28T18:56:03"><testcase classname="Recording campaign management : Campaign creation and consultation" name="Given there is no campaign" time="0.330752"/><testcase classname="Recording campaign management : Campaign creation and consultation" name="When I create a campaign &quot;test_campaign&quot;" time="0.068573"/><testcase classname="Recording campaign management : Campaign creation and consultation" name="Then I can consult this campaign" time="0.027549"/><testcase classname="Recording campaign management : Campaign creation and consultation with accents" name="Given there is no campaign" time="0.093985"/><testcase classname="Recording campaign management : Campaign creation and consultation with accents" name="When I create a campaign &quot;accents_éèà&amp;&quot;" time="0.041967"/><testcase classname="Recording campaign management : Campaign creation and consultation with accents" name="Then I can consult this campaign" time="0.01881"/><testcase classname="Recording campaign management : Get activated campaigns" name="Given there is no campaign" time="0.087723"/><testcase classname="Recording campaign management : Get activated campaigns" name="Given there is an activated campaign named &quot;quality&quot; focusing queue &quot;test1&quot;" time="0.023855"/><testcase classname="Recording campaign management : Get activated campaigns" name="Given there is an non activated campaign named &quot;disabled&quot; focusing queue &quot;test2&quot;" time="0.025154"/><testcase classname="Recording campaign management : Get activated campaigns" name="When I ask for activated campaigns for queue &quot;test1&quot;" time="0.02153"/><testcase classname="Recording campaign management : Get activated campaigns" name="Then I get a list of activated campaigns with campaign &quot;quality&quot;" time="0.004363"/><testcase classname="Recording campaign management : Campaign configuration and execution" name="Given there is no campaign" time="0.085665"/><testcase classname="Recording campaign management : Campaign configuration and execution" name="Given there is no campaign &quot;quality&quot;," time="0.104764"/><testcase classname="Recording campaign management : Campaign configuration and execution" name="Given I create a campaign named &quot;quality&quot;," time="0"><skipped type="UndefinedStep(Given I create a campaign named &quot;quality&quot;,)"/></testcase><testcase classname="Recording campaign management : Campaign configuration and execution" name="Given I add queue &quot;5001&quot; for this campaign," time="0"><skipped type="UndefinedStep(Given I add queue &quot;5001&quot; for this campaign,)"/></testcase><testcase classname="Recording campaign management : Campaign configuration and execution" name="When I start this campaign" time="0"><skipped type="UndefinedStep(When I start this campaign)"/></testcase><testcase classname="Recording campaign management : Campaign configuration and execution" name="Then calls placed in this queue are recorded" time="0"><skipped type="UndefinedStep(Then calls placed in this queue are recorded)"/></testcase><testcase classname="Recording campaign management : Campaign edition" name="Given there is no campaign" time="0.103617"/><testcase classname="Recording campaign management : Campaign edition" name="Given there is a queue &quot;test1&quot; and a queue &quot;test2&quot;" time="0.010989"/><testcase classname="Recording campaign management : Campaign edition" name="Given I create a campaign &quot;lettuce&quot; pointing to queue &quot;test1&quot; with start date &quot;2012-01-01 00:00:00&quot; and end date &quot;2013-05-05 14:59:14&quot;" time="0.052609"/><testcase classname="Recording campaign management : Campaign edition" name="When I change its name to &quot;lettuce_updated&quot;, its queue to &quot;test2&quot;, its start date to &quot;2012-02-01 00:11:00&quot; and its end date to &quot;2013-04-05 12:59:14&quot;" time="0.028278"/><testcase classname="Recording campaign management : Campaign edition" name="Then the campaign is actually modified" time="0.018872"/><testcase classname="Recording campaign management : Consulting running and activated campaigns for a given queue" name="Given there is no campaign" time="0.106926"/><testcase classname="Recording campaign management : Consulting running and activated campaigns for a given queue" name="Given there is a queue &quot;1&quot; and a queue &quot;2&quot;" time="0.008129"/><testcase classname="Recording campaign management : Consulting running and activated campaigns for a given queue" name="Given I create an activated campaign &quot;lettuce1&quot; pointing to queue &quot;test1&quot; currently running" time="0.045184"/><testcase classname="Recording campaign management : Consulting running and activated campaigns for a given queue" name="Given I create an activated campaign &quot;lettuce2&quot; pointing to queue &quot;test2&quot; currently running" time="0.04649"/><testcase classname="Recording campaign management : Consulting running and activated campaigns for a given queue" name="Given I create an activated campaign &quot;lettuce3&quot; pointing to queue &quot;test1&quot; currently not running" time="0.044779"/><testcase classname="Recording campaign management : Consulting running and activated campaigns for a given queue" name="When I ask for running and activated campaigns for queue &quot;test1&quot;" time="0.030579"/><testcase classname="Recording campaign management : Consulting running and activated campaigns for a given queue" name="Then I get campaign &quot;lettuce1&quot;, I do not get &quot;lettuce2&quot;, &quot;lettuce3&quot;" time="0.003538"/><testcase classname="Recording campaign management : Campaign creation and consultation without dates" name="Given there is no campaign" time="0.086845"/><testcase classname="Recording campaign management : Campaign creation and consultation without dates" name="When I create a campaign &quot;test_dates&quot; without dates" time="0.02581"/><testcase classname="Recording campaign management : Campaign creation and consultation without dates" name="Then this campaign is created with its start date and end date equal to now" time="0.024661"/><testcase classname="Recording campaign management : Campaign creation and consultation with unproprer dates" name="Given there is no campaign" time="0.118979"/><testcase classname="Recording campaign management : Campaign creation and consultation with unproprer dates" name="When I create the campaign &quot;test_unproper_dates&quot; with start date &quot;2013-02-01&quot; and end date &quot;2013-01-01&quot;" time="0.014855"/><testcase classname="Recording campaign management : Campaign creation and consultation with unproprer dates" name="Then I get an error code '400' with message 'start_greater_than_end'" time="0.004166"/><testcase classname="Recording campaign management : Consistent number of campaigns" name="Given there is no campaign" time="0.088981"/><testcase classname="Recording campaign management : Consistent number of campaigns" name="When I ask for all the campaigns" time="0.011318"/><testcase classname="Recording campaign management : Consistent number of campaigns" name="Then the displayed total is equal to the actual number of campaigns" time="0.003812"/><testcase classname="Recording campaign management : Campaign pagination" name="Given there is no campaign" time="0.091956"/><testcase classname="Recording campaign management : Campaign pagination" name="Given there are at least &quot;10&quot; campaigns" time="0.311345"/><testcase classname="Recording campaign management : Campaign pagination" name="When I ask for a list of campaigns with page &quot;1&quot; and page size &quot;5&quot;" time="0.048352"/><testcase classname="Recording campaign management : Campaign pagination" name="Then I get exactly &quot;5&quot; campaigns" time="0.004305"/><testcase classname="Recording campaign management : No overlapping when paginating campaigns" name="Given there is no campaign" time="0.102902"/><testcase classname="Recording campaign management : No overlapping when paginating campaigns" name="Given there are at least &quot;10&quot; campaigns" time="0.25776"/><testcase classname="Recording campaign management : No overlapping when paginating campaigns" name="Given I ask for a list of campaigns with page &quot;1&quot; and page size &quot;5&quot;" time="0.066942"/><testcase classname="Recording campaign management : No overlapping when paginating campaigns" name="Given I ask for a list of campaigns with page &quot;2&quot; and page size &quot;5&quot;" time="0.048153"/><testcase classname="Recording campaign management : No overlapping when paginating campaigns" name="Then the two results do not overlap" time="0.004277"/><testcase classname="Recording campaign management : Campaign dates overlapping" name="Given there is no campaign" time="0.130029"/><testcase classname="Recording campaign management : Campaign dates overlapping" name="Given I create a campaign &quot;test1&quot; pointing to queue &quot;test&quot; with start date &quot;2013-01-01&quot; and end date &quot;2013-02-01&quot;" time="0.046541"/><testcase classname="Recording campaign management : Campaign dates overlapping" name="When I try to create a campaign &quot;test2&quot; pointing to queue &quot;test&quot; with start date &quot;2013-01-15&quot; and end date &quot;2013-02-15&quot;" time="0.024295"/><testcase classname="Recording campaign management : Campaign dates overlapping" name="Then I get an error code '400' with message 'concurrent_campaigns'" time="0.0038"/><testcase classname="Recording campaign management : Queue deletion" name="Given there is no campaign" time="0.097259"/><testcase classname="Recording campaign management : Queue deletion" name="Given I create a campaign &quot;test1&quot; pointing to queue &quot;test&quot; with start date &quot;2013-01-01&quot; and end date &quot;2013-02-01&quot;" time="0.041622"/><testcase classname="Recording campaign management : Queue deletion" name="When I delete the queue &quot;test&quot;" time="0"><skipped type="UndefinedStep(When I delete the queue &quot;test&quot;)"/></testcase><testcase classname="Recording campaign management : Queue deletion" name="Then the queue &quot;test&quot; is actually deleted" time="0"><skipped type="UndefinedStep(Then the queue &quot;test&quot; is actually deleted)"/></testcase><testcase classname="Recording campaign management : Queue deletion" name="Then I can get the campaign &quot;test&quot; has an empty queue_id" time="0"><skipped type="UndefinedStep(Then I can get the campaign &quot;test&quot; has an empty queue_id)"/></testcase><testcase classname="Recording campaign management : Campaign remove fails because there are still some recordings" name="Given there is a campaign named &quot;test_remove&quot;" time="0"><skipped type="UndefinedStep(Given there is a campaign named &quot;test_remove&quot;)"/></testcase><testcase classname="Recording campaign management : Campaign remove fails because there are still some recordings" name="Given there's at least one recording for the campaign &quot;test_remove&quot;" time="0"><skipped type="UndefinedStep(Given there's at least one recording for the campaign &quot;test_remove&quot;)"/></testcase><testcase classname="Recording campaign management : Campaign remove fails because there are still some recordings" name="When I ask to delete the campaign &quot;test_remove&quot;" time="0"><skipped type="UndefinedStep(When I ask to delete the campaign &quot;test_remove&quot;)"/></testcase><testcase classname="Recording campaign management : Campaign remove fails because there are still some recordings" name="Then I get an error code '4XX' with message 'campaign_not_empty'" time="0"><skipped type="UndefinedStep(Then I get an error code '4XX' with message 'campaign_not_empty')"/></testcase><testcase classname="Recording campaign management : Campaign remove success" name="Given there is a campaign named &quot;test_remove&quot;" time="0"><skipped type="UndefinedStep(Given there is a campaign named &quot;test_remove&quot;)"/></testcase><testcase classname="Recording campaign management : Campaign remove success" name="Given there isn't any recording for the campaign &quot;test_remove&quot;" time="0"><skipped type="UndefinedStep(Given there isn't any recording for the campaign &quot;test_remove&quot;)"/></testcase><testcase classname="Recording campaign management : Campaign remove success" name="When I ask to delete the campaign &quot;test_remove&quot;" time="0"><skipped type="UndefinedStep(When I ask to delete the campaign &quot;test_remove&quot;)"/></testcase><testcase classname="Recording campaign management : Campaign remove success" name="Then I get a response with code '200' and the campaign is deleted" time="0"><skipped type="UndefinedStep(Then I get a response with code '200' and the campaign is deleted)"/></testcase></testsuite>